
Webpack is watching the files…

[JARVIS] Starting dashboard on: http://localhost:1337
Hash: ef45369e35e0e510405f
Version: webpack 3.11.0
Time: 12668ms
                          Asset       Size  Chunks                    Chunk Names
  fonts/fontawesome-webfont.eot     166 kB          [emitted]         
fonts/fontawesome-webfont.woff2    77.2 kB          [emitted]         
 fonts/fontawesome-webfont.woff      98 kB          [emitted]         
  fonts/fontawesome-webfont.ttf     166 kB          [emitted]         
 images/fontawesome-webfont.svg     444 kB          [emitted]  [big]  
               js/app.bundle.js     407 kB       0  [emitted]  [big]  app
             css/app.bundle.css     185 kB       0  [emitted]         app
                 pages/app.html  997 bytes          [emitted]         
   [2] ./src/apps/app.app.js 300 bytes {0} [built]
   [5] ./src/common-config.js 1.48 kB {0} [built]
   [9] ./src/apps/app.app.tag 831 bytes {0} [built]
  [10] ./src/cmp/search-result-list.cmp.tag 2.28 kB {0} [built]
  [11] ./src/cmp/search-result-compact-card.cmp.tag 811 bytes {0} [built]
  [12] ./src/cmp/ratings-cmp.tag 1.17 kB {0} [built]
  [13] ./src/cmp/map-cmp.tag 7.52 kB {0} [built]
  [14] ./src/cmp/restaurant-detail.cmp.tag 1.59 kB {0} [built]
    + 19 hidden modules
Child html-webpack-plugin for "pages/app.html":
     1 asset
       [0] ./node_modules/html-webpack-plugin/lib/loader.js!./src/pages/app.page.html 1.45 kB {0} [built]
       [2] (webpack)/buildin/global.js 509 bytes {0} [built]
       [3] (webpack)/buildin/module.js 517 bytes {0} [built]
        + 1 hidden module
Child extract-text-webpack-plugin node_modules/extract-text-webpack-plugin/dist node_modules/css-loader/index.js??ref--1-2!node_modules/font-awesome/css/font-awesome.min.css:
     5 assets
       9 modules
Child extract-text-webpack-plugin node_modules/extract-text-webpack-plugin/dist node_modules/css-loader/index.js??ref--1-2!node_modules/bootstrap/dist/css/bootstrap.min.css:
       2 modules
Webpack Bundle Analyzer is started at http://127.0.0.1:8888
Use Ctrl+C to close it
Webpack Bundle Analyzer saved stats file to /home/sujeet/Labs/oliv-ai/public/stats/app-stats.json
Hash: 1fa0447af5ada7c62e9e
Version: webpack 3.11.0
Time: 314ms
             Asset       Size  Chunks                    Chunk Names
  js/app.bundle.js     406 kB       0  [emitted]  [big]  app
css/app.bundle.css     185 kB       0  [emitted]         app
    pages/app.html  997 bytes          [emitted]         
  [13] ./src/cmp/map-cmp.tag 7.38 kB {0} [built]
    + 14 hidden modules
Child html-webpack-plugin for "pages/app.html":
     1 asset
       4 modules
Webpack Bundle Analyzer saved stats file to /home/sujeet/Labs/oliv-ai/public/stats/app-stats.json
Hash: 54375dd3c7d1a4e4fdf0
Version: webpack 3.11.0
Time: 322ms
             Asset       Size  Chunks                    Chunk Names
  js/app.bundle.js     406 kB       0  [emitted]  [big]  app
css/app.bundle.css     185 kB       0  [emitted]         app
    pages/app.html  997 bytes          [emitted]         
  [13] ./src/cmp/map-cmp.tag 7.4 kB {0} [built]
    + 14 hidden modules
Child html-webpack-plugin for "pages/app.html":
     1 asset
       4 modules
Webpack Bundle Analyzer saved stats file to /home/sujeet/Labs/oliv-ai/public/stats/app-stats.json
Hash: 0c30b0c88e21a9f1ed49
Version: webpack 3.11.0
Time: 103ms
             Asset       Size  Chunks                    Chunk Names
  js/app.bundle.js     399 kB       0  [emitted]  [big]  app
css/app.bundle.css     185 kB       0  [emitted]         app
    pages/app.html  997 bytes          [emitted]         
  [13] ./src/cmp/map-cmp.tag 165 bytes {0} [built] [failed] [1 error]
    + 14 hidden modules

ERROR in ./src/cmp/map-cmp.tag
Module parse failed: Unexpected token (148:1)
You may need an appropriate loader to handle this file type.
| 
|         }
| });
|     
|   
 @ ./src/apps/app.app.tag 4:0-29
 @ ./src/apps/app.app.js
Child html-webpack-plugin for "pages/app.html":
     1 asset
       4 modules
Webpack Bundle Analyzer saved stats file to /home/sujeet/Labs/oliv-ai/public/stats/app-stats.json
Hash: adcde83422fd97d302fa
Version: webpack 3.11.0
Time: 224ms
             Asset       Size  Chunks                    Chunk Names
  js/app.bundle.js     406 kB       0  [emitted]  [big]  app
css/app.bundle.css     185 kB       0  [emitted]         app
    pages/app.html  997 bytes          [emitted]         
  [13] ./src/cmp/map-cmp.tag 7.41 kB {0} [built]
    + 14 hidden modules
Child html-webpack-plugin for "pages/app.html":
     1 asset
       4 modules
Webpack Bundle Analyzer saved stats file to /home/sujeet/Labs/oliv-ai/public/stats/app-stats.json
Hash: 28aefb49a2e896644636
Version: webpack 3.11.0
Time: 53ms
             Asset       Size  Chunks                    Chunk Names
  js/app.bundle.js     406 kB       0  [emitted]  [big]  app
css/app.bundle.css     185 kB       0  [emitted]         app
    pages/app.html  997 bytes          [emitted]         
  [13] ./src/cmp/map-cmp.tag 6.96 kB {0} [built]
    + 14 hidden modules
Child html-webpack-plugin for "pages/app.html":
     1 asset
       4 modules
Webpack Bundle Analyzer saved stats file to /home/sujeet/Labs/oliv-ai/public/stats/app-stats.json
Hash: 2b08fb8980ab6e28ebe8
Version: webpack 3.11.0
Time: 45ms
             Asset       Size  Chunks             Chunk Names
css/app.bundle.css     185 kB       0  [emitted]  app
    pages/app.html  997 bytes          [emitted]  
 + 1 hidden asset
  [13] ./src/cmp/map-cmp.tag 6.96 kB {0} [built]
    + 14 hidden modules
Child html-webpack-plugin for "pages/app.html":
     1 asset
       4 modules
Webpack Bundle Analyzer saved stats file to /home/sujeet/Labs/oliv-ai/public/stats/app-stats.json
Hash: 28aefb49a2e896644636
Version: webpack 3.11.0
Time: 59ms
             Asset       Size  Chunks             Chunk Names
css/app.bundle.css     185 kB       0  [emitted]  app
    pages/app.html  997 bytes          [emitted]  
 + 1 hidden asset
  [13] ./src/cmp/map-cmp.tag 6.96 kB {0} [built]
    + 14 hidden modules
Child html-webpack-plugin for "pages/app.html":
     1 asset
       4 modules
Webpack Bundle Analyzer saved stats file to /home/sujeet/Labs/oliv-ai/public/stats/app-stats.json
Hash: 2b08fb8980ab6e28ebe8
Version: webpack 3.11.0
Time: 128ms
             Asset       Size  Chunks             Chunk Names
css/app.bundle.css     185 kB       0  [emitted]  app
    pages/app.html  997 bytes          [emitted]  
 + 1 hidden asset
  [13] ./src/cmp/map-cmp.tag 6.96 kB {0} [built]
    + 14 hidden modules
Child html-webpack-plugin for "pages/app.html":
     1 asset
       4 modules
Webpack Bundle Analyzer saved stats file to /home/sujeet/Labs/oliv-ai/public/stats/app-stats.json
Hash: b4fc24b2a56e6361bae4
Version: webpack 3.11.0
Time: 62ms
             Asset       Size  Chunks                    Chunk Names
  js/app.bundle.js     406 kB       0  [emitted]  [big]  app
css/app.bundle.css     185 kB       0  [emitted]         app
    pages/app.html  997 bytes          [emitted]         
  [13] ./src/cmp/map-cmp.tag 7.47 kB {0} [built]
    + 14 hidden modules
Child html-webpack-plugin for "pages/app.html":
     1 asset
       4 modules
Webpack Bundle Analyzer saved stats file to /home/sujeet/Labs/oliv-ai/public/stats/app-stats.json
Hash: 50d809ad1557c1c76808
Version: webpack 3.11.0
Time: 149ms
             Asset       Size  Chunks                    Chunk Names
  js/app.bundle.js     406 kB       0  [emitted]  [big]  app
css/app.bundle.css     185 kB       0  [emitted]         app
    pages/app.html  997 bytes          [emitted]         
  [13] ./src/cmp/map-cmp.tag 7.46 kB {0} [built]
    + 14 hidden modules
Child html-webpack-plugin for "pages/app.html":
     1 asset
       4 modules
Webpack Bundle Analyzer saved stats file to /home/sujeet/Labs/oliv-ai/public/stats/app-stats.json
Hash: 18b5bdcd9326010890a4
Version: webpack 3.11.0
Time: 54ms
             Asset       Size  Chunks                    Chunk Names
  js/app.bundle.js     406 kB       0  [emitted]  [big]  app
css/app.bundle.css     185 kB       0  [emitted]         app
    pages/app.html  997 bytes          [emitted]         
  [13] ./src/cmp/map-cmp.tag 7.45 kB {0} [built]
    + 14 hidden modules
Child html-webpack-plugin for "pages/app.html":
     1 asset
       4 modules
Webpack Bundle Analyzer saved stats file to /home/sujeet/Labs/oliv-ai/public/stats/app-stats.json
Hash: 043c5e33019d576a3dfa
Version: webpack 3.11.0
Time: 90ms
             Asset       Size  Chunks             Chunk Names
css/app.bundle.css     185 kB       0  [emitted]  app
    pages/app.html  997 bytes          [emitted]  
 + 1 hidden asset
  [13] ./src/cmp/map-cmp.tag 7.45 kB {0} [built]
    + 14 hidden modules
Child html-webpack-plugin for "pages/app.html":
     1 asset
       4 modules
Webpack Bundle Analyzer saved stats file to /home/sujeet/Labs/oliv-ai/public/stats/app-stats.json
Hash: 6c789acb600742aeb04f
Version: webpack 3.11.0
Time: 77ms
             Asset       Size  Chunks                    Chunk Names
  js/app.bundle.js     406 kB       0  [emitted]  [big]  app
css/app.bundle.css     185 kB       0  [emitted]         app
    pages/app.html  997 bytes          [emitted]         
  [13] ./src/cmp/map-cmp.tag 7.48 kB {0} [built]
    + 14 hidden modules
Child html-webpack-plugin for "pages/app.html":
     1 asset
       4 modules
Webpack Bundle Analyzer saved stats file to /home/sujeet/Labs/oliv-ai/public/stats/app-stats.json
Hash: bfcd5ac71d2e16709741
Version: webpack 3.11.0
Time: 90ms
             Asset       Size  Chunks                    Chunk Names
  js/app.bundle.js     406 kB       0  [emitted]  [big]  app
css/app.bundle.css     185 kB       0  [emitted]         app
    pages/app.html  997 bytes          [emitted]         
  [13] ./src/cmp/map-cmp.tag 6.96 kB {0} [built]
    + 14 hidden modules
Child html-webpack-plugin for "pages/app.html":
     1 asset
       4 modules
Webpack Bundle Analyzer saved stats file to /home/sujeet/Labs/oliv-ai/public/stats/app-stats.json
Hash: 973a98358a359214bd96
Version: webpack 3.11.0
Time: 82ms
             Asset       Size  Chunks             Chunk Names
css/app.bundle.css     185 kB       0  [emitted]  app
    pages/app.html  997 bytes          [emitted]  
 + 1 hidden asset
  [13] ./src/cmp/map-cmp.tag 6.96 kB {0} [built]
    + 14 hidden modules
Child html-webpack-plugin for "pages/app.html":
     1 asset
       4 modules
Webpack Bundle Analyzer saved stats file to /home/sujeet/Labs/oliv-ai/public/stats/app-stats.json
Hash: bfcd5ac71d2e16709741
Version: webpack 3.11.0
Time: 59ms
             Asset       Size  Chunks             Chunk Names
css/app.bundle.css     185 kB       0  [emitted]  app
    pages/app.html  997 bytes          [emitted]  
 + 1 hidden asset
  [13] ./src/cmp/map-cmp.tag 6.96 kB {0} [built]
    + 14 hidden modules
Child html-webpack-plugin for "pages/app.html":
     1 asset
       4 modules
Webpack Bundle Analyzer saved stats file to /home/sujeet/Labs/oliv-ai/public/stats/app-stats.json
Hash: 5345ca19341cf949f00a
Version: webpack 3.11.0
Time: 125ms
             Asset       Size  Chunks                    Chunk Names
  js/app.bundle.js     406 kB       0  [emitted]  [big]  app
css/app.bundle.css     185 kB       0  [emitted]         app
    pages/app.html  997 bytes          [emitted]         
  [13] ./src/cmp/map-cmp.tag 6.96 kB {0} [built]
    + 14 hidden modules
Child html-webpack-plugin for "pages/app.html":
     1 asset
       4 modules
Webpack Bundle Analyzer saved stats file to /home/sujeet/Labs/oliv-ai/public/stats/app-stats.json
Hash: df5b5549ebad4191b3d7
Version: webpack 3.11.0
Time: 52ms
             Asset       Size  Chunks                    Chunk Names
  js/app.bundle.js     406 kB       0  [emitted]  [big]  app
css/app.bundle.css     185 kB       0  [emitted]         app
    pages/app.html  997 bytes          [emitted]         
  [13] ./src/cmp/map-cmp.tag 6.93 kB {0} [built]
    + 14 hidden modules
Child html-webpack-plugin for "pages/app.html":
     1 asset
       4 modules
Webpack Bundle Analyzer saved stats file to /home/sujeet/Labs/oliv-ai/public/stats/app-stats.json
Hash: d334762e2ecb21301f66
Version: webpack 3.11.0
Time: 108ms
             Asset       Size  Chunks                    Chunk Names
  js/app.bundle.js     406 kB       0  [emitted]  [big]  app
css/app.bundle.css     185 kB       0  [emitted]         app
    pages/app.html  997 bytes          [emitted]         
  [13] ./src/cmp/map-cmp.tag 6.99 kB {0} [built]
    + 14 hidden modules
Child html-webpack-plugin for "pages/app.html":
     1 asset
       4 modules
Webpack Bundle Analyzer saved stats file to /home/sujeet/Labs/oliv-ai/public/stats/app-stats.json
Hash: a7f474bfe78fa8456663
Version: webpack 3.11.0
Time: 63ms
             Asset       Size  Chunks                    Chunk Names
  js/app.bundle.js     406 kB       0  [emitted]  [big]  app
css/app.bundle.css     185 kB       0  [emitted]         app
    pages/app.html  997 bytes          [emitted]         
  [13] ./src/cmp/map-cmp.tag 6.99 kB {0} [built]
    + 14 hidden modules
Child html-webpack-plugin for "pages/app.html":
     1 asset
       4 modules
Webpack Bundle Analyzer saved stats file to /home/sujeet/Labs/oliv-ai/public/stats/app-stats.json
Hash: e51c3a28c5e92e500b5d
Version: webpack 3.11.0
Time: 96ms
             Asset       Size  Chunks             Chunk Names
css/app.bundle.css     185 kB       0  [emitted]  app
    pages/app.html  997 bytes          [emitted]  
 + 1 hidden asset
  [13] ./src/cmp/map-cmp.tag 6.99 kB {0} [built]
    + 14 hidden modules
Child html-webpack-plugin for "pages/app.html":
     1 asset
       4 modules
Webpack Bundle Analyzer saved stats file to /home/sujeet/Labs/oliv-ai/public/stats/app-stats.json
Hash: 08ddbaeaec932dec81c4
Version: webpack 3.11.0
Time: 180ms
             Asset       Size  Chunks                    Chunk Names
  js/app.bundle.js     406 kB       0  [emitted]  [big]  app
css/app.bundle.css     185 kB       0  [emitted]         app
    pages/app.html  997 bytes          [emitted]         
  [13] ./src/cmp/map-cmp.tag 6.99 kB {0} [built]
    + 14 hidden modules
Child html-webpack-plugin for "pages/app.html":
     1 asset
       4 modules
Webpack Bundle Analyzer saved stats file to /home/sujeet/Labs/oliv-ai/public/stats/app-stats.json
Hash: 2952e7a4dd3c9b026d40
Version: webpack 3.11.0
Time: 81ms
             Asset       Size  Chunks             Chunk Names
css/app.bundle.css     185 kB       0  [emitted]  app
    pages/app.html  997 bytes          [emitted]  
 + 1 hidden asset
  [13] ./src/cmp/map-cmp.tag 6.99 kB {0} [built]
    + 14 hidden modules
Child html-webpack-plugin for "pages/app.html":
     1 asset
       4 modules
Hash: 08ddbaeaec932dec81c4
Version: webpack 3.11.0
Time: 243ms
             Asset       Size  Chunks             Chunk Names
css/app.bundle.css     185 kB       0  [emitted]  app
    pages/app.html  997 bytes          [emitted]  
 + 1 hidden asset
  [13] ./src/cmp/map-cmp.tag 6.99 kB {0} [built]
    + 14 hidden modules
Child html-webpack-plugin for "pages/app.html":
     1 asset
       4 modules
Webpack Bundle Analyzer saved stats file to /home/sujeet/Labs/oliv-ai/public/stats/app-stats.json
Webpack Bundle Analyzer saved stats file to /home/sujeet/Labs/oliv-ai/public/stats/app-stats.json
Hash: b3d78c276b1140604545
Version: webpack 3.11.0
Time: 83ms
             Asset       Size  Chunks                    Chunk Names
  js/app.bundle.js     406 kB       0  [emitted]  [big]  app
css/app.bundle.css     185 kB       0  [emitted]         app
    pages/app.html  997 bytes          [emitted]         
  [13] ./src/cmp/map-cmp.tag 6.99 kB {0} [built]
    + 14 hidden modules
Child html-webpack-plugin for "pages/app.html":
     1 asset
       4 modules
Webpack Bundle Analyzer saved stats file to /home/sujeet/Labs/oliv-ai/public/stats/app-stats.json
Hash: 89c1b696c8556661ee52
Version: webpack 3.11.0
Time: 69ms
             Asset       Size  Chunks                    Chunk Names
  js/app.bundle.js     406 kB       0  [emitted]  [big]  app
css/app.bundle.css     185 kB       0  [emitted]         app
    pages/app.html  997 bytes          [emitted]         
  [13] ./src/cmp/map-cmp.tag 6.95 kB {0} [built]
    + 14 hidden modules
Child html-webpack-plugin for "pages/app.html":
     1 asset
       4 modules
Hash: 967073c9f36690b56129
Version: webpack 3.11.0
Time: 158ms
             Asset       Size  Chunks             Chunk Names
css/app.bundle.css     185 kB       0  [emitted]  app
    pages/app.html  997 bytes          [emitted]  
 + 1 hidden asset
  [13] ./src/cmp/map-cmp.tag 6.95 kB {0} [built]
    + 14 hidden modules
Child html-webpack-plugin for "pages/app.html":
     1 asset
       4 modules
Webpack Bundle Analyzer saved stats file to /home/sujeet/Labs/oliv-ai/public/stats/app-stats.json
Webpack Bundle Analyzer saved stats file to /home/sujeet/Labs/oliv-ai/public/stats/app-stats.json
Hash: a940ea798b5e66df58ec
Version: webpack 3.11.0
Time: 57ms
             Asset       Size  Chunks                    Chunk Names
  js/app.bundle.js     406 kB       0  [emitted]  [big]  app
css/app.bundle.css     185 kB       0  [emitted]         app
    pages/app.html  997 bytes          [emitted]         
  [13] ./src/cmp/map-cmp.tag 6.93 kB {0} [built]
    + 14 hidden modules
Child html-webpack-plugin for "pages/app.html":
     1 asset
       4 modules
Webpack Bundle Analyzer saved stats file to /home/sujeet/Labs/oliv-ai/public/stats/app-stats.json
Hash: 8444bd9c7e3a8856463a
Version: webpack 3.11.0
Time: 166ms
             Asset       Size  Chunks             Chunk Names
css/app.bundle.css     185 kB       0  [emitted]  app
    pages/app.html  997 bytes          [emitted]  
 + 1 hidden asset
  [13] ./src/cmp/map-cmp.tag 6.93 kB {0} [built]
    + 14 hidden modules
Child html-webpack-plugin for "pages/app.html":
     1 asset
       4 modules
Webpack Bundle Analyzer saved stats file to /home/sujeet/Labs/oliv-ai/public/stats/app-stats.json
Hash: 538d4ced80f286db4ab0
Version: webpack 3.11.0
Time: 60ms
             Asset       Size  Chunks                    Chunk Names
  js/app.bundle.js     406 kB       0  [emitted]  [big]  app
css/app.bundle.css     185 kB       0  [emitted]         app
    pages/app.html  997 bytes          [emitted]         
  [13] ./src/cmp/map-cmp.tag 6.97 kB {0} [built]
    + 14 hidden modules
Child html-webpack-plugin for "pages/app.html":
     1 asset
       4 modules
Webpack Bundle Analyzer saved stats file to /home/sujeet/Labs/oliv-ai/public/stats/app-stats.json
Hash: 943c529b015bffb4d402
Version: webpack 3.11.0
Time: 55ms
             Asset       Size  Chunks             Chunk Names
css/app.bundle.css     185 kB       0  [emitted]  app
    pages/app.html  997 bytes          [emitted]  
 + 1 hidden asset
  [13] ./src/cmp/map-cmp.tag 6.97 kB {0} [built]
    + 14 hidden modules
Child html-webpack-plugin for "pages/app.html":
     1 asset
       4 modules
Webpack Bundle Analyzer saved stats file to /home/sujeet/Labs/oliv-ai/public/stats/app-stats.json
Hash: 4e7ff6d47c68887bffbe
Version: webpack 3.11.0
Time: 59ms
             Asset       Size  Chunks                    Chunk Names
  js/app.bundle.js     406 kB       0  [emitted]  [big]  app
css/app.bundle.css     185 kB       0  [emitted]         app
    pages/app.html  997 bytes          [emitted]         
  [13] ./src/cmp/map-cmp.tag 6.93 kB {0} [built]
    + 14 hidden modules
Child html-webpack-plugin for "pages/app.html":
     1 asset
       4 modules
Webpack Bundle Analyzer saved stats file to /home/sujeet/Labs/oliv-ai/public/stats/app-stats.json
Hash: 4c208f43da70706c7e3a
Version: webpack 3.11.0
Time: 60ms
             Asset       Size  Chunks                    Chunk Names
  js/app.bundle.js     406 kB       0  [emitted]  [big]  app
css/app.bundle.css     185 kB       0  [emitted]         app
    pages/app.html  997 bytes          [emitted]         
  [13] ./src/cmp/map-cmp.tag 6.97 kB {0} [built]
    + 14 hidden modules
Child html-webpack-plugin for "pages/app.html":
     1 asset
       4 modules
Webpack Bundle Analyzer saved stats file to /home/sujeet/Labs/oliv-ai/public/stats/app-stats.json
Hash: d610131717c861f7b875
Version: webpack 3.11.0
Time: 71ms
             Asset       Size  Chunks             Chunk Names
css/app.bundle.css     185 kB       0  [emitted]  app
    pages/app.html  997 bytes          [emitted]  
 + 1 hidden asset
  [13] ./src/cmp/map-cmp.tag 6.97 kB {0} [built]
    + 14 hidden modules
Child html-webpack-plugin for "pages/app.html":
     1 asset
       4 modules
Hash: 4c208f43da70706c7e3a
Version: webpack 3.11.0
Time: 165ms
             Asset       Size  Chunks             Chunk Names
css/app.bundle.css     185 kB       0  [emitted]  app
    pages/app.html  997 bytes          [emitted]  
 + 1 hidden asset
  [13] ./src/cmp/map-cmp.tag 6.97 kB {0} [built]
    + 14 hidden modules
Child html-webpack-plugin for "pages/app.html":
     1 asset
       4 modules
Webpack Bundle Analyzer saved stats file to /home/sujeet/Labs/oliv-ai/public/stats/app-stats.json
Webpack Bundle Analyzer saved stats file to /home/sujeet/Labs/oliv-ai/public/stats/app-stats.json
Hash: dc10bac229eb3f25af1e
Version: webpack 3.11.0
Time: 62ms
             Asset       Size  Chunks                    Chunk Names
  js/app.bundle.js     406 kB       0  [emitted]  [big]  app
css/app.bundle.css     185 kB       0  [emitted]         app
    pages/app.html  997 bytes          [emitted]         
  [13] ./src/cmp/map-cmp.tag 6.96 kB {0} [built]
    + 14 hidden modules
Child html-webpack-plugin for "pages/app.html":
     1 asset
       4 modules
Webpack Bundle Analyzer saved stats file to /home/sujeet/Labs/oliv-ai/public/stats/app-stats.json
Hash: 5bed4912a9e7be1bd679
Version: webpack 3.11.0
Time: 163ms
             Asset       Size  Chunks                    Chunk Names
  js/app.bundle.js     406 kB       0  [emitted]  [big]  app
css/app.bundle.css     185 kB       0  [emitted]         app
    pages/app.html  997 bytes          [emitted]         
  [13] ./src/cmp/map-cmp.tag 7 kB {0} [built]
    + 14 hidden modules
Child html-webpack-plugin for "pages/app.html":
     1 asset
       4 modules
Webpack Bundle Analyzer saved stats file to /home/sujeet/Labs/oliv-ai/public/stats/app-stats.json
Hash: bc759dce2f0a6f9bbf13
Version: webpack 3.11.0
Time: 201ms
             Asset       Size  Chunks             Chunk Names
css/app.bundle.css     185 kB       0  [emitted]  app
    pages/app.html  997 bytes          [emitted]  
 + 1 hidden asset
  [13] ./src/cmp/map-cmp.tag 7 kB {0} [built]
    + 14 hidden modules
Child html-webpack-plugin for "pages/app.html":
     1 asset
       4 modules
Hash: 5bed4912a9e7be1bd679
Version: webpack 3.11.0
Time: 276ms
             Asset       Size  Chunks             Chunk Names
css/app.bundle.css     185 kB       0  [emitted]  app
    pages/app.html  997 bytes          [emitted]  
 + 1 hidden asset
  [13] ./src/cmp/map-cmp.tag 7 kB {0} [built]
    + 14 hidden modules
Child html-webpack-plugin for "pages/app.html":
     1 asset
       4 modules
Webpack Bundle Analyzer saved stats file to /home/sujeet/Labs/oliv-ai/public/stats/app-stats.json
Webpack Bundle Analyzer saved stats file to /home/sujeet/Labs/oliv-ai/public/stats/app-stats.json
Hash: 83f349a707184dea71d0
Version: webpack 3.11.0
Time: 122ms
             Asset       Size  Chunks                    Chunk Names
  js/app.bundle.js     406 kB       0  [emitted]  [big]  app
css/app.bundle.css     185 kB       0  [emitted]         app
    pages/app.html  997 bytes          [emitted]         
  [13] ./src/cmp/map-cmp.tag 7.02 kB {0} [built]
    + 14 hidden modules
Child html-webpack-plugin for "pages/app.html":
     1 asset
       4 modules
Webpack Bundle Analyzer saved stats file to /home/sujeet/Labs/oliv-ai/public/stats/app-stats.json
Hash: d289cf232c1730da868c
Version: webpack 3.11.0
Time: 92ms
             Asset       Size  Chunks                    Chunk Names
  js/app.bundle.js     406 kB       0  [emitted]  [big]  app
css/app.bundle.css     185 kB       0  [emitted]         app
    pages/app.html  997 bytes          [emitted]         
  [13] ./src/cmp/map-cmp.tag 7.04 kB {0} [built]
    + 14 hidden modules
Child html-webpack-plugin for "pages/app.html":
     1 asset
       4 modules
Webpack Bundle Analyzer saved stats file to /home/sujeet/Labs/oliv-ai/public/stats/app-stats.json
Hash: 6f746a90833c0856ffac
Version: webpack 3.11.0
Time: 273ms
             Asset       Size  Chunks                    Chunk Names
  js/app.bundle.js     406 kB       0  [emitted]  [big]  app
css/app.bundle.css     185 kB       0  [emitted]         app
    pages/app.html  997 bytes          [emitted]         
  [13] ./src/cmp/map-cmp.tag 7.06 kB {0} [built]
    + 14 hidden modules
Child html-webpack-plugin for "pages/app.html":
     1 asset
       4 modules
Webpack Bundle Analyzer saved stats file to /home/sujeet/Labs/oliv-ai/public/stats/app-stats.json
Hash: 79187c1dae82ee0abc56
Version: webpack 3.11.0
Time: 105ms
             Asset       Size  Chunks                    Chunk Names
  js/app.bundle.js     406 kB       0  [emitted]  [big]  app
css/app.bundle.css     185 kB       0  [emitted]         app
    pages/app.html  997 bytes          [emitted]         
  [13] ./src/cmp/map-cmp.tag 7.1 kB {0} [built]
    + 14 hidden modules
Child html-webpack-plugin for "pages/app.html":
     1 asset
       4 modules
Webpack Bundle Analyzer saved stats file to /home/sujeet/Labs/oliv-ai/public/stats/app-stats.json
Hash: b54eff895258b2a0847a
Version: webpack 3.11.0
Time: 81ms
             Asset       Size  Chunks             Chunk Names
css/app.bundle.css     185 kB       0  [emitted]  app
    pages/app.html  997 bytes          [emitted]  
 + 1 hidden asset
  [13] ./src/cmp/map-cmp.tag 7.1 kB {0} [built]
    + 14 hidden modules
Child html-webpack-plugin for "pages/app.html":
     1 asset
       4 modules
Hash: 79187c1dae82ee0abc56
Version: webpack 3.11.0
Time: 292ms
             Asset       Size  Chunks             Chunk Names
css/app.bundle.css     185 kB       0  [emitted]  app
    pages/app.html  997 bytes          [emitted]  
 + 1 hidden asset
  [13] ./src/cmp/map-cmp.tag 7.1 kB {0} [built]
    + 14 hidden modules
Child html-webpack-plugin for "pages/app.html":
     1 asset
       4 modules
Webpack Bundle Analyzer saved stats file to /home/sujeet/Labs/oliv-ai/public/stats/app-stats.json
Webpack Bundle Analyzer saved stats file to /home/sujeet/Labs/oliv-ai/public/stats/app-stats.json
Hash: 5b27129308af1a2df45a
Version: webpack 3.11.0
Time: 149ms
             Asset       Size  Chunks                    Chunk Names
  js/app.bundle.js     406 kB       0  [emitted]  [big]  app
css/app.bundle.css     185 kB       0  [emitted]         app
    pages/app.html  997 bytes          [emitted]         
  [13] ./src/cmp/map-cmp.tag 7.24 kB {0} [built]
    + 14 hidden modules
Child html-webpack-plugin for "pages/app.html":
     1 asset
       4 modules
Hash: eeb33adc780ca0a4e48c
Version: webpack 3.11.0
Time: 178ms
             Asset       Size  Chunks             Chunk Names
css/app.bundle.css     185 kB       0  [emitted]  app
    pages/app.html  997 bytes          [emitted]  
 + 1 hidden asset
  [13] ./src/cmp/map-cmp.tag 7.24 kB {0} [built]
    + 14 hidden modules
Child html-webpack-plugin for "pages/app.html":
     1 asset
       4 modules
Webpack Bundle Analyzer saved stats file to /home/sujeet/Labs/oliv-ai/public/stats/app-stats.json
Webpack Bundle Analyzer saved stats file to /home/sujeet/Labs/oliv-ai/public/stats/app-stats.json
Hash: f29a348ed080a1ed28cd
Version: webpack 3.11.0
Time: 168ms
             Asset       Size  Chunks                    Chunk Names
  js/app.bundle.js     406 kB       0  [emitted]  [big]  app
css/app.bundle.css     185 kB       0  [emitted]         app
    pages/app.html  997 bytes          [emitted]         
  [13] ./src/cmp/map-cmp.tag 7.26 kB {0} [built]
    + 14 hidden modules
Child html-webpack-plugin for "pages/app.html":
     1 asset
       4 modules
Webpack Bundle Analyzer saved stats file to /home/sujeet/Labs/oliv-ai/public/stats/app-stats.json
Hash: eeb33adc780ca0a4e48c
Version: webpack 3.11.0
Time: 131ms
             Asset       Size  Chunks                    Chunk Names
  js/app.bundle.js     406 kB       0  [emitted]  [big]  app
css/app.bundle.css     185 kB       0  [emitted]         app
    pages/app.html  997 bytes          [emitted]         
  [13] ./src/cmp/map-cmp.tag 7.24 kB {0} [built]
    + 14 hidden modules
Child html-webpack-plugin for "pages/app.html":
     1 asset
       4 modules
Webpack Bundle Analyzer saved stats file to /home/sujeet/Labs/oliv-ai/public/stats/app-stats.json
Hash: 7def4019a5c5143431bd
Version: webpack 3.11.0
Time: 284ms
             Asset       Size  Chunks                    Chunk Names
  js/app.bundle.js     406 kB       0  [emitted]  [big]  app
css/app.bundle.css     185 kB       0  [emitted]         app
    pages/app.html  997 bytes          [emitted]         
  [13] ./src/cmp/map-cmp.tag 7.12 kB {0} [built]
    + 14 hidden modules
Child html-webpack-plugin for "pages/app.html":
     1 asset
       4 modules
Webpack Bundle Analyzer saved stats file to /home/sujeet/Labs/oliv-ai/public/stats/app-stats.json
Hash: 3a8bbac3b6373201e786
Version: webpack 3.11.0
Time: 148ms
             Asset       Size  Chunks                    Chunk Names
  js/app.bundle.js     406 kB       0  [emitted]  [big]  app
css/app.bundle.css     185 kB       0  [emitted]         app
    pages/app.html  997 bytes          [emitted]         
  [13] ./src/cmp/map-cmp.tag 7.34 kB {0} [built]
    + 14 hidden modules
Child html-webpack-plugin for "pages/app.html":
     1 asset
       4 modules
Webpack Bundle Analyzer saved stats file to /home/sujeet/Labs/oliv-ai/public/stats/app-stats.json
Hash: 6ed762e49a282965f672
Version: webpack 3.11.0
Time: 255ms
             Asset       Size  Chunks                    Chunk Names
  js/app.bundle.js     406 kB       0  [emitted]  [big]  app
css/app.bundle.css     185 kB       0  [emitted]         app
    pages/app.html  997 bytes          [emitted]         
  [13] ./src/cmp/map-cmp.tag 7.34 kB {0} [built]
    + 14 hidden modules
Child html-webpack-plugin for "pages/app.html":
     1 asset
       4 modules
Webpack Bundle Analyzer saved stats file to /home/sujeet/Labs/oliv-ai/public/stats/app-stats.json
Hash: 77364c108810aa57b35d
Version: webpack 3.11.0
Time: 111ms
             Asset       Size  Chunks             Chunk Names
css/app.bundle.css     185 kB       0  [emitted]  app
    pages/app.html  997 bytes          [emitted]  
 + 1 hidden asset
  [13] ./src/cmp/map-cmp.tag 7.34 kB {0} [built]
    + 14 hidden modules
Child html-webpack-plugin for "pages/app.html":
     1 asset
       4 modules
Webpack Bundle Analyzer saved stats file to /home/sujeet/Labs/oliv-ai/public/stats/app-stats.json
Hash: 65f94bee23ab3e21c0ce
Version: webpack 3.11.0
Time: 236ms
             Asset       Size  Chunks                    Chunk Names
  js/app.bundle.js     406 kB       0  [emitted]  [big]  app
css/app.bundle.css     185 kB       0  [emitted]         app
    pages/app.html  997 bytes          [emitted]         
  [13] ./src/cmp/map-cmp.tag 7.32 kB {0} [built]
    + 14 hidden modules
Child html-webpack-plugin for "pages/app.html":
     1 asset
       4 modules
Webpack Bundle Analyzer saved stats file to /home/sujeet/Labs/oliv-ai/public/stats/app-stats.json
Hash: 2733ace860b1b2927a1f
Version: webpack 3.11.0
Time: 140ms
             Asset       Size  Chunks                    Chunk Names
  js/app.bundle.js     406 kB       0  [emitted]  [big]  app
css/app.bundle.css     185 kB       0  [emitted]         app
    pages/app.html  997 bytes          [emitted]         
  [13] ./src/cmp/map-cmp.tag 6.63 kB {0} [built]
    + 14 hidden modules
Child html-webpack-plugin for "pages/app.html":
     1 asset
       4 modules
Webpack Bundle Analyzer saved stats file to /home/sujeet/Labs/oliv-ai/public/stats/app-stats.json
Hash: 93e16355afb9638f47fb
Version: webpack 3.11.0
Time: 155ms
             Asset       Size  Chunks                    Chunk Names
  js/app.bundle.js     406 kB       0  [emitted]  [big]  app
css/app.bundle.css     185 kB       0  [emitted]         app
    pages/app.html  997 bytes          [emitted]         
  [13] ./src/cmp/map-cmp.tag 6.62 kB {0} [built]
    + 14 hidden modules
Child html-webpack-plugin for "pages/app.html":
     1 asset
       4 modules
Webpack Bundle Analyzer saved stats file to /home/sujeet/Labs/oliv-ai/public/stats/app-stats.json
Hash: e43fa6f4831ea0b56225
Version: webpack 3.11.0
Time: 188ms
             Asset       Size  Chunks                    Chunk Names
  js/app.bundle.js     406 kB       0  [emitted]  [big]  app
css/app.bundle.css     185 kB       0  [emitted]         app
    pages/app.html  997 bytes          [emitted]         
  [13] ./src/cmp/map-cmp.tag 6.62 kB {0} [built]
    + 14 hidden modules
Child html-webpack-plugin for "pages/app.html":
     1 asset
       4 modules
Hash: 7ee53b1fef77a9b915c6
Version: webpack 3.11.0
Time: 448ms
             Asset       Size  Chunks             Chunk Names
css/app.bundle.css     185 kB       0  [emitted]  app
    pages/app.html  997 bytes          [emitted]  
 + 1 hidden asset
  [13] ./src/cmp/map-cmp.tag 6.62 kB {0} [built]
    + 14 hidden modules
Child html-webpack-plugin for "pages/app.html":
     1 asset
       4 modules
Webpack Bundle Analyzer saved stats file to /home/sujeet/Labs/oliv-ai/public/stats/app-stats.json
Webpack Bundle Analyzer saved stats file to /home/sujeet/Labs/oliv-ai/public/stats/app-stats.json
Hash: e43fa6f4831ea0b56225
Version: webpack 3.11.0
Time: 115ms
             Asset       Size  Chunks             Chunk Names
css/app.bundle.css     185 kB       0  [emitted]  app
    pages/app.html  997 bytes          [emitted]  
 + 1 hidden asset
  [13] ./src/cmp/map-cmp.tag 6.62 kB {0} [built]
    + 14 hidden modules
Child html-webpack-plugin for "pages/app.html":
     1 asset
       4 modules
Webpack Bundle Analyzer saved stats file to /home/sujeet/Labs/oliv-ai/public/stats/app-stats.json
Hash: 51d090e730f48e12b106
Version: webpack 3.11.0
Time: 105ms
             Asset       Size  Chunks                    Chunk Names
  js/app.bundle.js     406 kB       0  [emitted]  [big]  app
css/app.bundle.css     185 kB       0  [emitted]         app
    pages/app.html  997 bytes          [emitted]         
  [13] ./src/cmp/map-cmp.tag 6.6 kB {0} [built]
    + 14 hidden modules
Child html-webpack-plugin for "pages/app.html":
     1 asset
       4 modules
Webpack Bundle Analyzer saved stats file to /home/sujeet/Labs/oliv-ai/public/stats/app-stats.json
Hash: 1b5843bc888a5a15ac0c
Version: webpack 3.11.0
Time: 110ms
             Asset       Size  Chunks             Chunk Names
css/app.bundle.css     185 kB       0  [emitted]  app
    pages/app.html  997 bytes          [emitted]  
 + 1 hidden asset
  [13] ./src/cmp/map-cmp.tag 6.6 kB {0} [built]
    + 14 hidden modules
Child html-webpack-plugin for "pages/app.html":
     1 asset
       4 modules
Webpack Bundle Analyzer saved stats file to /home/sujeet/Labs/oliv-ai/public/stats/app-stats.json
Hash: da25b364e7d7353a7afa
Version: webpack 3.11.0
Time: 170ms
             Asset       Size  Chunks                    Chunk Names
  js/app.bundle.js     406 kB       0  [emitted]  [big]  app
css/app.bundle.css     185 kB       0  [emitted]         app
    pages/app.html  997 bytes          [emitted]         
   [5] ./src/common-config.js 1.57 kB {0} [built]
    + 14 hidden modules
Child html-webpack-plugin for "pages/app.html":
     1 asset
       4 modules
Webpack Bundle Analyzer saved stats file to /home/sujeet/Labs/oliv-ai/public/stats/app-stats.json
Hash: a35989966263a5ecaeb0
Version: webpack 3.11.0
Time: 248ms
             Asset       Size  Chunks                    Chunk Names
  js/app.bundle.js     406 kB       0  [emitted]  [big]  app
css/app.bundle.css     185 kB       0  [emitted]         app
    pages/app.html  997 bytes          [emitted]         
   [5] ./src/common-config.js 1.57 kB {0} [built]
    + 14 hidden modules
Child html-webpack-plugin for "pages/app.html":
     1 asset
       4 modules
Webpack Bundle Analyzer saved stats file to /home/sujeet/Labs/oliv-ai/public/stats/app-stats.json
Hash: a343f3607efcb9b1e9df
Version: webpack 3.11.0
Time: 111ms
             Asset       Size  Chunks                    Chunk Names
  js/app.bundle.js     406 kB       0  [emitted]  [big]  app
css/app.bundle.css     185 kB       0  [emitted]         app
    pages/app.html  997 bytes          [emitted]         
   [5] ./src/common-config.js 1.58 kB {0} [built]
    + 14 hidden modules
Child html-webpack-plugin for "pages/app.html":
     1 asset
       4 modules
Webpack Bundle Analyzer saved stats file to /home/sujeet/Labs/oliv-ai/public/stats/app-stats.json
Hash: 06f7403c8a0219ef0e2a
Version: webpack 3.11.0
Time: 250ms
             Asset       Size  Chunks                    Chunk Names
  js/app.bundle.js     406 kB       0  [emitted]  [big]  app
css/app.bundle.css     185 kB       0  [emitted]         app
    pages/app.html  997 bytes          [emitted]         
   [5] ./src/common-config.js 1.67 kB {0} [built]
    + 14 hidden modules
Child html-webpack-plugin for "pages/app.html":
     1 asset
       4 modules
Webpack Bundle Analyzer saved stats file to /home/sujeet/Labs/oliv-ai/public/stats/app-stats.json
Hash: 86d3a81c0e1f9dac2343
Version: webpack 3.11.0
Time: 123ms
             Asset       Size  Chunks                    Chunk Names
  js/app.bundle.js     406 kB       0  [emitted]  [big]  app
css/app.bundle.css     185 kB       0  [emitted]         app
    pages/app.html  997 bytes          [emitted]         
   [5] ./src/common-config.js 1.56 kB {0} [built]
    + 14 hidden modules
Child html-webpack-plugin for "pages/app.html":
     1 asset
       4 modules
Webpack Bundle Analyzer saved stats file to /home/sujeet/Labs/oliv-ai/public/stats/app-stats.json
Hash: da3b0b18d7e8bd947219
Version: webpack 3.11.0
Time: 113ms
             Asset       Size  Chunks                    Chunk Names
  js/app.bundle.js     406 kB       0  [emitted]  [big]  app
css/app.bundle.css     185 kB       0  [emitted]         app
    pages/app.html  997 bytes          [emitted]         
  [13] ./src/cmp/map-cmp.tag 6.62 kB {0} [built]
    + 14 hidden modules
Child html-webpack-plugin for "pages/app.html":
     1 asset
       4 modules
Webpack Bundle Analyzer saved stats file to /home/sujeet/Labs/oliv-ai/public/stats/app-stats.json
Hash: cc4e7e629487402c2080
Version: webpack 3.11.0
Time: 100ms
             Asset       Size  Chunks                    Chunk Names
  js/app.bundle.js     406 kB       0  [emitted]  [big]  app
css/app.bundle.css     185 kB       0  [emitted]         app
    pages/app.html  997 bytes          [emitted]         
  [10] ./src/cmp/search-result-list.cmp.tag 2.26 kB {0} [built]
    + 14 hidden modules
Child html-webpack-plugin for "pages/app.html":
     1 asset
       4 modules
Webpack Bundle Analyzer saved stats file to /home/sujeet/Labs/oliv-ai/public/stats/app-stats.json
Hash: 6887b32df7356a6acae2
Version: webpack 3.11.0
Time: 93ms
             Asset       Size  Chunks                    Chunk Names
  js/app.bundle.js     406 kB       0  [emitted]  [big]  app
css/app.bundle.css     185 kB       0  [emitted]         app
    pages/app.html  997 bytes          [emitted]         
  [10] ./src/cmp/search-result-list.cmp.tag 2.22 kB {0} [built]
    + 14 hidden modules
Child html-webpack-plugin for "pages/app.html":
     1 asset
       4 modules
Webpack Bundle Analyzer saved stats file to /home/sujeet/Labs/oliv-ai/public/stats/app-stats.json
Hash: f7e0c2d46b6fed1dfbca
Version: webpack 3.11.0
Time: 107ms
             Asset       Size  Chunks                    Chunk Names
  js/app.bundle.js     406 kB       0  [emitted]  [big]  app
css/app.bundle.css     185 kB       0  [emitted]         app
    pages/app.html  997 bytes          [emitted]         
  [10] ./src/cmp/search-result-list.cmp.tag 2.22 kB {0} [built]
    + 14 hidden modules
Child html-webpack-plugin for "pages/app.html":
     1 asset
       4 modules
Hash: f67ccab7b6f360f622ee
Version: webpack 3.11.0
Time: 253ms
             Asset       Size  Chunks             Chunk Names
css/app.bundle.css     185 kB       0  [emitted]  app
    pages/app.html  997 bytes          [emitted]  
 + 1 hidden asset
  [10] ./src/cmp/search-result-list.cmp.tag 2.22 kB {0} [built]
    + 14 hidden modules
Child html-webpack-plugin for "pages/app.html":
     1 asset
       4 modules
Webpack Bundle Analyzer saved stats file to /home/sujeet/Labs/oliv-ai/public/stats/app-stats.json
Webpack Bundle Analyzer saved stats file to /home/sujeet/Labs/oliv-ai/public/stats/app-stats.json
Hash: f7e0c2d46b6fed1dfbca
Version: webpack 3.11.0
Time: 87ms
             Asset       Size  Chunks             Chunk Names
css/app.bundle.css     185 kB       0  [emitted]  app
    pages/app.html  997 bytes          [emitted]  
 + 1 hidden asset
  [10] ./src/cmp/search-result-list.cmp.tag 2.22 kB {0} [built]
    + 14 hidden modules
Child html-webpack-plugin for "pages/app.html":
     1 asset
       4 modules
Webpack Bundle Analyzer saved stats file to /home/sujeet/Labs/oliv-ai/public/stats/app-stats.json
Hash: f67ccab7b6f360f622ee
Version: webpack 3.11.0
Time: 127ms
             Asset       Size  Chunks             Chunk Names
css/app.bundle.css     185 kB       0  [emitted]  app
    pages/app.html  997 bytes          [emitted]  
 + 1 hidden asset
  [10] ./src/cmp/search-result-list.cmp.tag 2.22 kB {0} [built]
    + 14 hidden modules
Child html-webpack-plugin for "pages/app.html":
     1 asset
       4 modules
Webpack Bundle Analyzer saved stats file to /home/sujeet/Labs/oliv-ai/public/stats/app-stats.json
Hash: 5aa8257c0d41d4c35298
Version: webpack 3.11.0
Time: 116ms
             Asset       Size  Chunks                    Chunk Names
  js/app.bundle.js     405 kB       0  [emitted]  [big]  app
css/app.bundle.css     185 kB       0  [emitted]         app
    pages/app.html  997 bytes          [emitted]         
  [13] ./src/cmp/map-cmp.tag 6.44 kB {0} [built]
    + 14 hidden modules
Child html-webpack-plugin for "pages/app.html":
     1 asset
       4 modules
Webpack Bundle Analyzer saved stats file to /home/sujeet/Labs/oliv-ai/public/stats/app-stats.json
Hash: 06653e9af80d74f2a9d6
Version: webpack 3.11.0
Time: 102ms
             Asset       Size  Chunks                    Chunk Names
  js/app.bundle.js     406 kB       0  [emitted]  [big]  app
css/app.bundle.css     185 kB       0  [emitted]         app
    pages/app.html  997 bytes          [emitted]         
  [13] ./src/cmp/map-cmp.tag 6.49 kB {0} [built]
    + 14 hidden modules
Child html-webpack-plugin for "pages/app.html":
     1 asset
       4 modules
Webpack Bundle Analyzer saved stats file to /home/sujeet/Labs/oliv-ai/public/stats/app-stats.json
Hash: f7c400c5d0aa897d59fe
Version: webpack 3.11.0
Time: 153ms
             Asset       Size  Chunks                    Chunk Names
  js/app.bundle.js     406 kB       0  [emitted]  [big]  app
css/app.bundle.css     185 kB       0  [emitted]         app
    pages/app.html  997 bytes          [emitted]         
  [13] ./src/cmp/map-cmp.tag 6.55 kB {0} [built]
    + 14 hidden modules
Child html-webpack-plugin for "pages/app.html":
     1 asset
       4 modules
Webpack Bundle Analyzer saved stats file to /home/sujeet/Labs/oliv-ai/public/stats/app-stats.json
Hash: a657106e75e61c88e8fd
Version: webpack 3.11.0
Time: 75ms
             Asset       Size  Chunks                    Chunk Names
  js/app.bundle.js     406 kB       0  [emitted]  [big]  app
css/app.bundle.css     185 kB       0  [emitted]         app
    pages/app.html  997 bytes          [emitted]         
  [13] ./src/cmp/map-cmp.tag 6.54 kB {0} [built]
    + 14 hidden modules
Child html-webpack-plugin for "pages/app.html":
     1 asset
       4 modules
Webpack Bundle Analyzer saved stats file to /home/sujeet/Labs/oliv-ai/public/stats/app-stats.json
Hash: 5ad943bea5ffff987c48
Version: webpack 3.11.0
Time: 173ms
             Asset       Size  Chunks                    Chunk Names
  js/app.bundle.js     406 kB       0  [emitted]  [big]  app
css/app.bundle.css     185 kB       0  [emitted]         app
    pages/app.html  997 bytes          [emitted]         
  [13] ./src/cmp/map-cmp.tag 6.55 kB {0} [built]
    + 14 hidden modules
Child html-webpack-plugin for "pages/app.html":
     1 asset
       4 modules
Webpack Bundle Analyzer saved stats file to /home/sujeet/Labs/oliv-ai/public/stats/app-stats.json
Hash: f6f8ac864b6381c32dd2
Version: webpack 3.11.0
Time: 80ms
             Asset       Size  Chunks                    Chunk Names
  js/app.bundle.js     406 kB       0  [emitted]  [big]  app
css/app.bundle.css     185 kB       0  [emitted]         app
    pages/app.html  997 bytes          [emitted]         
  [13] ./src/cmp/map-cmp.tag 6.56 kB {0} [built]
    + 14 hidden modules
Child html-webpack-plugin for "pages/app.html":
     1 asset
       4 modules
Webpack Bundle Analyzer saved stats file to /home/sujeet/Labs/oliv-ai/public/stats/app-stats.json
Hash: 4660c57132dc82f87a2d
Version: webpack 3.11.0
Time: 161ms
             Asset       Size  Chunks                    Chunk Names
  js/app.bundle.js     406 kB       0  [emitted]  [big]  app
css/app.bundle.css     185 kB       0  [emitted]         app
    pages/app.html  997 bytes          [emitted]         
  [13] ./src/cmp/map-cmp.tag 6.56 kB {0} [built]
    + 14 hidden modules
Child html-webpack-plugin for "pages/app.html":
     1 asset
       4 modules
Webpack Bundle Analyzer saved stats file to /home/sujeet/Labs/oliv-ai/public/stats/app-stats.json
Hash: 8e69bea91bfde5fff0d7
Version: webpack 3.11.0
Time: 355ms
             Asset       Size  Chunks             Chunk Names
css/app.bundle.css     185 kB       0  [emitted]  app
    pages/app.html  997 bytes          [emitted]  
 + 1 hidden asset
  [13] ./src/cmp/map-cmp.tag 6.56 kB {0} [built]
    + 14 hidden modules
Child html-webpack-plugin for "pages/app.html":
     1 asset
       4 modules
Webpack Bundle Analyzer saved stats file to /home/sujeet/Labs/oliv-ai/public/stats/app-stats.json
Hash: 4660c57132dc82f87a2d
Version: webpack 3.11.0
Time: 143ms
             Asset       Size  Chunks             Chunk Names
css/app.bundle.css     185 kB       0  [emitted]  app
    pages/app.html  997 bytes          [emitted]  
 + 1 hidden asset
  [13] ./src/cmp/map-cmp.tag 6.56 kB {0} [built]
    + 14 hidden modules
Child html-webpack-plugin for "pages/app.html":
     1 asset
       4 modules
Webpack Bundle Analyzer saved stats file to /home/sujeet/Labs/oliv-ai/public/stats/app-stats.json
Hash: bde4e4a10daf99f59894
Version: webpack 3.11.0
Time: 104ms
             Asset       Size  Chunks                    Chunk Names
  js/app.bundle.js     406 kB       0  [emitted]  [big]  app
css/app.bundle.css     185 kB       0  [emitted]         app
    pages/app.html  997 bytes          [emitted]         
  [13] ./src/cmp/map-cmp.tag 6.58 kB {0} [built]
    + 14 hidden modules
Child html-webpack-plugin for "pages/app.html":
     1 asset
       4 modules
Webpack Bundle Analyzer saved stats file to /home/sujeet/Labs/oliv-ai/public/stats/app-stats.json
Hash: 0c1772189d8e8394e83a
Version: webpack 3.11.0
Time: 185ms
             Asset       Size  Chunks                    Chunk Names
  js/app.bundle.js     406 kB       0  [emitted]  [big]  app
css/app.bundle.css     185 kB       0  [emitted]         app
    pages/app.html  997 bytes          [emitted]         
  [13] ./src/cmp/map-cmp.tag 6.58 kB {0} [built]
    + 14 hidden modules
Child html-webpack-plugin for "pages/app.html":
     1 asset
       4 modules
Webpack Bundle Analyzer saved stats file to /home/sujeet/Labs/oliv-ai/public/stats/app-stats.json
Hash: 262348a9243aaf47c297
Version: webpack 3.11.0
Time: 176ms
             Asset       Size  Chunks                    Chunk Names
  js/app.bundle.js     406 kB       0  [emitted]  [big]  app
css/app.bundle.css     185 kB       0  [emitted]         app
    pages/app.html  997 bytes          [emitted]         
  [13] ./src/cmp/map-cmp.tag 6.61 kB {0} [built]
    + 14 hidden modules
Child html-webpack-plugin for "pages/app.html":
     1 asset
       4 modules
Webpack Bundle Analyzer saved stats file to /home/sujeet/Labs/oliv-ai/public/stats/app-stats.json
Hash: 0c1772189d8e8394e83a
Version: webpack 3.11.0
Time: 139ms
             Asset       Size  Chunks                    Chunk Names
  js/app.bundle.js     406 kB       0  [emitted]  [big]  app
css/app.bundle.css     185 kB       0  [emitted]         app
    pages/app.html  997 bytes          [emitted]         
  [13] ./src/cmp/map-cmp.tag 6.58 kB {0} [built]
    + 14 hidden modules
Child html-webpack-plugin for "pages/app.html":
     1 asset
       4 modules
Webpack Bundle Analyzer saved stats file to /home/sujeet/Labs/oliv-ai/public/stats/app-stats.json
Hash: 385ddbeceace1ad2f70f
Version: webpack 3.11.0
Time: 141ms
             Asset       Size  Chunks                    Chunk Names
  js/app.bundle.js     406 kB       0  [emitted]  [big]  app
css/app.bundle.css     185 kB       0  [emitted]         app
    pages/app.html  997 bytes          [emitted]         
  [13] ./src/cmp/map-cmp.tag 6.6 kB {0} [built]
    + 14 hidden modules
Child html-webpack-plugin for "pages/app.html":
     1 asset
       4 modules
Webpack Bundle Analyzer saved stats file to /home/sujeet/Labs/oliv-ai/public/stats/app-stats.json
Hash: 925750d2607ca31218e8
Version: webpack 3.11.0
Time: 116ms
             Asset       Size  Chunks                    Chunk Names
  js/app.bundle.js     406 kB       0  [emitted]  [big]  app
css/app.bundle.css     185 kB       0  [emitted]         app
    pages/app.html  997 bytes          [emitted]         
  [13] ./src/cmp/map-cmp.tag 6.6 kB {0} [built]
    + 14 hidden modules
Child html-webpack-plugin for "pages/app.html":
     1 asset
       4 modules
Hash: 6cd40205a5e22f2cdfd1
Version: webpack 3.11.0
Time: 340ms
             Asset       Size  Chunks             Chunk Names
css/app.bundle.css     185 kB       0  [emitted]  app
    pages/app.html  997 bytes          [emitted]  
 + 1 hidden asset
  [13] ./src/cmp/map-cmp.tag 6.6 kB {0} [built]
    + 14 hidden modules
Child html-webpack-plugin for "pages/app.html":
     1 asset
       4 modules
Webpack Bundle Analyzer saved stats file to /home/sujeet/Labs/oliv-ai/public/stats/app-stats.json
Hash: 925750d2607ca31218e8
Version: webpack 3.11.0
Time: 399ms
             Asset       Size  Chunks             Chunk Names
css/app.bundle.css     185 kB       0  [emitted]  app
    pages/app.html  997 bytes          [emitted]  
 + 1 hidden asset
  [13] ./src/cmp/map-cmp.tag 6.6 kB {0} [built]
    + 14 hidden modules
Child html-webpack-plugin for "pages/app.html":
     1 asset
       4 modules
Webpack Bundle Analyzer saved stats file to /home/sujeet/Labs/oliv-ai/public/stats/app-stats.json
Webpack Bundle Analyzer saved stats file to /home/sujeet/Labs/oliv-ai/public/stats/app-stats.json
Hash: 3a808779e58edf9fa172
Version: webpack 3.11.0
Time: 190ms
             Asset       Size  Chunks                    Chunk Names
  js/app.bundle.js     406 kB       0  [emitted]  [big]  app
css/app.bundle.css     185 kB       0  [emitted]         app
    pages/app.html  997 bytes          [emitted]         
  [13] ./src/cmp/map-cmp.tag 6.61 kB {0} [built]
    + 14 hidden modules
Child html-webpack-plugin for "pages/app.html":
     1 asset
       4 modules
Webpack Bundle Analyzer saved stats file to /home/sujeet/Labs/oliv-ai/public/stats/app-stats.json
Hash: 42d1d793a8c752caa329
Version: webpack 3.11.0
Time: 432ms
             Asset       Size  Chunks             Chunk Names
css/app.bundle.css     185 kB       0  [emitted]  app
    pages/app.html  997 bytes          [emitted]  
 + 1 hidden asset
  [13] ./src/cmp/map-cmp.tag 6.61 kB {0} [built]
    + 14 hidden modules
Child html-webpack-plugin for "pages/app.html":
     1 asset
       4 modules
Webpack Bundle Analyzer saved stats file to /home/sujeet/Labs/oliv-ai/public/stats/app-stats.json
Hash: 4b2005f9a74c38474b20
Version: webpack 3.11.0
Time: 152ms
             Asset       Size  Chunks                    Chunk Names
  js/app.bundle.js     406 kB       0  [emitted]  [big]  app
css/app.bundle.css     185 kB       0  [emitted]         app
    pages/app.html  997 bytes          [emitted]         
  [10] ./src/cmp/search-result-list.cmp.tag 2.29 kB {0} [built]
    + 14 hidden modules
Child html-webpack-plugin for "pages/app.html":
     1 asset
       4 modules
Webpack Bundle Analyzer saved stats file to /home/sujeet/Labs/oliv-ai/public/stats/app-stats.json
Hash: 867943131ef2eb21fca6
Version: webpack 3.11.0
Time: 125ms
             Asset       Size  Chunks                    Chunk Names
  js/app.bundle.js     406 kB       0  [emitted]  [big]  app
css/app.bundle.css     185 kB       0  [emitted]         app
    pages/app.html  997 bytes          [emitted]         
  [13] ./src/cmp/map-cmp.tag 6.73 kB {0} [built]
    + 14 hidden modules
Child html-webpack-plugin for "pages/app.html":
     1 asset
       4 modules
Webpack Bundle Analyzer saved stats file to /home/sujeet/Labs/oliv-ai/public/stats/app-stats.json
Hash: 0db341cbfa20da92a9a5
Version: webpack 3.11.0
Time: 83ms
             Asset       Size  Chunks                    Chunk Names
  js/app.bundle.js     406 kB       0  [emitted]  [big]  app
css/app.bundle.css     185 kB       0  [emitted]         app
    pages/app.html  997 bytes          [emitted]         
  [13] ./src/cmp/map-cmp.tag 6.63 kB {0} [built]
    + 14 hidden modules
Child html-webpack-plugin for "pages/app.html":
     1 asset
       4 modules
Webpack Bundle Analyzer saved stats file to /home/sujeet/Labs/oliv-ai/public/stats/app-stats.json
Hash: 1f7ba44c15c1f1859614
Version: webpack 3.11.0
Time: 185ms
             Asset       Size  Chunks                    Chunk Names
  js/app.bundle.js     406 kB       0  [emitted]  [big]  app
css/app.bundle.css     185 kB       0  [emitted]         app
    pages/app.html  997 bytes          [emitted]         
  [13] ./src/cmp/map-cmp.tag 6.58 kB {0} [built]
    + 14 hidden modules
Child html-webpack-plugin for "pages/app.html":
     1 asset
       4 modules
Webpack Bundle Analyzer saved stats file to /home/sujeet/Labs/oliv-ai/public/stats/app-stats.json
Hash: 1f7b4a6095c5ab8a7528
Version: webpack 3.11.0
Time: 183ms
             Asset       Size  Chunks                    Chunk Names
  js/app.bundle.js     406 kB       0  [emitted]  [big]  app
css/app.bundle.css     185 kB       0  [emitted]         app
    pages/app.html  997 bytes          [emitted]         
  [13] ./src/cmp/map-cmp.tag 6.56 kB {0} [built]
    + 14 hidden modules
Child html-webpack-plugin for "pages/app.html":
     1 asset
       4 modules
Webpack Bundle Analyzer saved stats file to /home/sujeet/Labs/oliv-ai/public/stats/app-stats.json
Hash: c23bf7890434fdfe61db
Version: webpack 3.11.0
Time: 372ms
             Asset       Size  Chunks                    Chunk Names
  js/app.bundle.js     406 kB       0  [emitted]  [big]  app
css/app.bundle.css     185 kB       0  [emitted]         app
    pages/app.html  997 bytes          [emitted]         
  [13] ./src/cmp/map-cmp.tag 6.62 kB {0} [built]
    + 14 hidden modules
Child html-webpack-plugin for "pages/app.html":
     1 asset
       4 modules
Webpack Bundle Analyzer saved stats file to /home/sujeet/Labs/oliv-ai/public/stats/app-stats.json
Hash: c94818d1bc9bededeb07
Version: webpack 3.11.0
Time: 91ms
             Asset       Size  Chunks                    Chunk Names
  js/app.bundle.js     406 kB       0  [emitted]  [big]  app
css/app.bundle.css     185 kB       0  [emitted]         app
    pages/app.html  997 bytes          [emitted]         
  [13] ./src/cmp/map-cmp.tag 6.62 kB {0} [built]
    + 14 hidden modules
Child html-webpack-plugin for "pages/app.html":
     1 asset
       4 modules
Webpack Bundle Analyzer saved stats file to /home/sujeet/Labs/oliv-ai/public/stats/app-stats.json
Hash: ba07849de7d954155b12
Version: webpack 3.11.0
Time: 128ms
             Asset       Size  Chunks                    Chunk Names
  js/app.bundle.js     406 kB       0  [emitted]  [big]  app
css/app.bundle.css     185 kB       0  [emitted]         app
    pages/app.html  997 bytes          [emitted]         
  [13] ./src/cmp/map-cmp.tag 6.67 kB {0} [built]
    + 14 hidden modules
Child html-webpack-plugin for "pages/app.html":
     1 asset
       4 modules
Hash: 8cc26b4dce482eeb34f1
Version: webpack 3.11.0
Time: 298ms
             Asset       Size  Chunks             Chunk Names
css/app.bundle.css     185 kB       0  [emitted]  app
    pages/app.html  997 bytes          [emitted]  
 + 1 hidden asset
  [13] ./src/cmp/map-cmp.tag 6.67 kB {0} [built]
    + 14 hidden modules
Child html-webpack-plugin for "pages/app.html":
     1 asset
       4 modules
Webpack Bundle Analyzer saved stats file to /home/sujeet/Labs/oliv-ai/public/stats/app-stats.json
Webpack Bundle Analyzer saved stats file to /home/sujeet/Labs/oliv-ai/public/stats/app-stats.json
